[2025-09-24 11:59:20] [0.00s] [INFO] ===== Starting Agent Workflow =====
[2025-09-24 11:59:20] [0.00s] [STEP] ▶️  Reading artifacts from directory
[2025-09-24 11:59:20] [0.00s] [INFO] Read dashboard_spec.md
    Data: {
  "lines": 145
}
[2025-09-24 11:59:20] [0.00s] [ERROR] ❌ File not found: PRD.md
[2025-09-24 11:59:20] [0.00s] [ERROR] ❌ File not found: product_config_spec.md
[2025-09-24 11:59:20] [0.00s] [STEP] ▶️  Analyzing requirements from specifications
[2025-09-24 11:59:20] [0.00s] [SUCCESS] ✅ Requirements analysis complete
    Data: {
  "components": [],
  "data_sources": [],
  "features": [
    {
      "name": "real_time_updates",
      "interval": 5
    },
    {
      "name": "filtering",
      "types": [
        "\u5de5\u5e8f",
        "\u5de5\u7ad9",
        "\u72b6\u6001",
        "\u4ea7\u54c1"
      ]
    },
    {
      "name": "alerts",
      "types": [
        "changeover",
        "quality",
        "maintenance"
      ]
    },
    {
      "name": "actions",
      "types": [
        "dispatch",
        "start",
        "complete"
      ]
    }
  ],
  "mqtt_config": {},
  "ui_layout": {},
  "equipment": [
    "COAT01",
    "ASSY02",
    "ASSY01",
    "LASER01"
  ]
}
[2025-09-24 11:59:20] [0.00s] [STEP] ▶️  Generating implementation plan
[2025-09-24 11:59:20] [0.00s] [SUCCESS] ✅ Implementation plan generated
    Data: {
  "steps": 10
}
[2025-09-24 11:59:20] [0.00s] [STEP] ▶️  Running setup-new-app.sh to create new application
[2025-09-24 11:59:28] [8.03s] [SUCCESS] ✅ Setup script completed
    Data: {
  "stdout": "\ud83d\ude80 Setting up new app from template...\n\ud83d\udcc1 Copying template to new-app...\n\ud83d\udccb Setting up environment file...\n\u2705 Setup complete!\n\ud83d\udccc New app created at: new-app/\n\ud83d\udcdd Remember to update the .env file with your configuration\n\nTo get started:\n  cd new-app\n  npm install\n  npm run dev\n"
}
[2025-09-24 11:59:28] [8.03s] [STEP] ▶️  Installing dependencies
[2025-09-24 11:59:29] [8.92s] [STEP] ▶️  Creating application structure
[2025-09-24 11:59:29] [8.92s] [INFO] Generating component: MqttProvider
    Data: {
  "type": "provider",
  "visualization": null
}
[2025-09-24 11:59:29] [8.92s] [INFO] Created component: MqttProvider
[2025-09-24 11:59:29] [8.92s] [INFO] Generating component: KPICards
    Data: {
  "type": "metrics",
  "visualization": "numeric_display"
}
[2025-09-24 11:59:29] [8.92s] [INFO] Created component: KPICards
[2025-09-24 11:59:29] [8.92s] [INFO] Generating component: EquipmentGrid
    Data: {
  "type": "grid",
  "visualization": "status_grid"
}
[2025-09-24 11:59:29] [8.92s] [INFO] Created component: EquipmentGrid
[2025-09-24 11:59:29] [8.92s] [INFO] Generating component: AlertsPanel
    Data: {
  "type": "alerts",
  "visualization": "list_with_severity"
}
[2025-09-24 11:59:29] [8.92s] [INFO] Created component: AlertsPanel
[2025-09-24 11:59:29] [8.92s] [INFO] Generating component: ScheduleView
    Data: {
  "type": "schedule",
  "visualization": "data_table"
}
[2025-09-24 11:59:29] [8.92s] [INFO] Created component: ScheduleView
[2025-09-24 11:59:29] [8.92s] [INFO] Generating component: ControlPanel
    Data: {
  "type": "controls",
  "visualization": null
}
[2025-09-24 11:59:29] [8.92s] [INFO] Created component: ControlPanel
[2025-09-24 11:59:29] [8.92s] [INFO] Generating component: MessageFeed
    Data: {
  "type": "feed",
  "visualization": "scrollable_feed"
}
[2025-09-24 11:59:29] [8.92s] [INFO] Created component: MessageFeed
[2025-09-24 11:59:29] [8.92s] [INFO] Creating UI components
[2025-09-24 11:59:29] [8.92s] [INFO] Created UI component: card.tsx
[2025-09-24 11:59:29] [8.92s] [INFO] Created UI component: button.tsx
[2025-09-24 11:59:29] [8.92s] [INFO] Created UI component: badge.tsx
[2025-09-24 11:59:29] [8.92s] [INFO] Created UI component: alert.tsx
[2025-09-24 11:59:29] [8.92s] [INFO] Created UI component: table.tsx
[2025-09-24 11:59:29] [8.92s] [INFO] Created UI component: scroll-area.tsx
[2025-09-24 11:59:29] [8.92s] [SUCCESS] ✅ Application structure created successfully
[2025-09-24 11:59:29] [8.92s] [STEP] ▶️  Testing generated application
[2025-09-24 11:59:29] [9.14s] [ERROR] ❌ Application testing failed, but app was generated
[2025-09-24 11:59:29] [9.14s] [INFO] You may need to fix compilation errors manually
